
12月 31, 2021 10:32:17.45 NEW SESSION
12月 31, 2021 10:32:17.45 [Child 8876, MediaDecoderStateMachine #1] WARNING: 205aaf382e0 Could not set cubeb stream name.: file /builds/worker/checkouts/gecko/dom/media/AudioStream.cpp:367
1月 05, 2022 12:58:53.11 [Parent 10716, IPC I/O Parent] WARNING: file /builds/worker/checkouts/gecko/ipc/chromium/src/base/process_util_win.cc:167
1月 05, 2022 12:58:53.20 
1月 05, 2022 12:58:53.20 ###!!! [Parent][RunMessage] Error: Channel closing: too late to send/recv, messages will be lost
1月 05, 2022 12:58:53.20 
1月 05, 2022 12:58:53.20 
1月 05, 2022 12:58:53.21 ###!!! [Child][RunMessage] Error: Channel closing: too late to send/recv, messages will be lost
1月 05, 2022 12:58:53.21 
1月 06, 2022 11:45:35.18 [Child 2348, MediaDecoderStateMachine #1] WARNING: 1c263a7f660 Could not set cubeb stream name.: file /builds/worker/checkouts/gecko/dom/media/AudioStream.cpp:367

1月 18, 2022 11:14:03.03 NEW SESSION
1月 18, 2022 11:14:03.03 
1月 18, 2022 11:14:03.06 ###!!! [Child][RunMessage] Error: Channel closing: too late to send/recv, messages will be lost
1月 18, 2022 11:14:03.06 

1月 19, 2022 10:21:00.01 NEW SESSION
1月 19, 2022 10:21:00.01 
1月 19, 2022 10:21:00.02 ###!!! [Parent][MessageChannel] Error: (msgtype=0xB000E,name=PBackgroundIDBDatabase::Msg_CloseAfterInvalidationComplete) Channel error: cannot send/recv
1月 19, 2022 10:21:00.02 
1月 19, 2022 10:21:00.55 
1月 19, 2022 10:21:00.55 ###!!! [Child][RunMessage] Error: Channel closing: too late to send/recv, messages will be lost
1月 19, 2022 10:21:00.55 

1月 19, 2022 16:50:17.48 NEW SESSION
1月 19, 2022 16:50:17.48 
1月 19, 2022 16:50:17.50 ###!!! [Parent][RunMessage] Error: Channel closing: too late to send/recv, messages will be lost
1月 19, 2022 16:50:17.50 

2月 25, 2022 12:08:14.23 NEW SESSION
2月 25, 2022 12:08:14.23 
2月 25, 2022 12:08:14.25 ###!!! [Parent][RunMessage] Error: Channel closing: too late to send/recv, messages will be lost
2月 25, 2022 12:08:14.25 
